Assembler report for simulacion_1
Wed Feb 14 15:06:00 2018
Quartus Prime Version 17.0.0 Build 595 04/25/2017 SJ Standard Edition


---------------------
; Table of Contents ;
---------------------
  1. Legal Notice
  2. Assembler Summary
  3. Assembler Settings
  4. Assembler Generated Files
  5. Assembler Device Options: C:/Users/estudiante/Desktop/proyec_simulacion_1/output_files/simulacion_1.pof
  6. Assembler Messages



----------------
; Legal Notice ;
----------------
Copyright (C) 2017  Intel Corporation. All rights reserved.
Your use of Intel Corporation's design tools, logic functions 
and other software and tools, and its AMPP partner logic 
functions, and any output files from any of the foregoing 
(including device programming or simulation files), and any 
associated documentation or information are expressly subject 
to the terms and conditions of the Intel Program License 
Subscription Agreement, the Intel Quartus Prime License Agreement,
the Intel MegaCore Function License Agreement, or other 
applicable license agreement, including, without limitation, 
that your use is for the sole purpose of programming logic 
devices manufactured by Intel and sold by Intel or its 
authorized distributors.  Please refer to the applicable 
agreement for further details.



+---------------------------------------------------------------+
; Assembler Summary                                             ;
+-----------------------+---------------------------------------+
; Assembler Status      ; Successful - Wed Feb 14 15:06:00 2018 ;
; Revision Name         ; simulacion_1                          ;
; Top-level Entity Name ; simulacion_1                          ;
; Family                ; MAX V                                 ;
; Device                ; 5M570ZF256C5                          ;
+-----------------------+---------------------------------------+


+----------------------------------+
; Assembler Settings               ;
+--------+---------+---------------+
; Option ; Setting ; Default Value ;
+--------+---------+---------------+


+-------------------------------------------------------------------------------+
; Assembler Generated Files                                                     ;
+-------------------------------------------------------------------------------+
; File Name                                                                     ;
+-------------------------------------------------------------------------------+
; C:/Users/estudiante/Desktop/proyec_simulacion_1/output_files/simulacion_1.pof ;
+-------------------------------------------------------------------------------+


+---------------------------------------------------------------------------------------------------------+
; Assembler Device Options: C:/Users/estudiante/Desktop/proyec_simulacion_1/output_files/simulacion_1.pof ;
+----------------+----------------------------------------------------------------------------------------+
; Option         ; Setting                                                                                ;
+----------------+----------------------------------------------------------------------------------------+
; JTAG usercode  ; 0x00316E02                                                                             ;
; Checksum       ; 0x00316E42                                                                             ;
+----------------+----------------------------------------------------------------------------------------+


+--------------------+
; Assembler Messages ;
+--------------------+
Info: *******************************************************************
Info: Running Quartus Prime Assembler
    Info: Version 17.0.0 Build 595 04/25/2017 SJ Standard Edition
    Info: Processing started: Wed Feb 14 15:05:59 2018
Info: Command: quartus_asm --read_settings_files=off --write_settings_files=off simulacion_1 -c simulacion_1
Warning (18236): Number of processors has not been specified which may cause overloading on shared machines.  Set the global assignment NUM_PARALLEL_PROCESSORS in your QSF to an appropriate value for best performance.
Info (115031): Writing out detailed assembly data for power analysis
Info (115030): Assembler is generating device programming files
Info: Quartus Prime Assembler was successful. 0 errors, 1 warning
    Info: Peak virtual memory: 582 megabytes
    Info: Processing ended: Wed Feb 14 15:06:00 2018
    Info: Elapsed time: 00:00:01
    Info: Total CPU time (on all processors): 00:00:01


